cscope 15 /home/jcottrell/._/py/new/ce64               0000002749
	@base

2 @
	gba£


5 #m -
®§
-
uts


6 #m -
©


7 #m -
authcÚfig


8 #m -
bc


9 #m -
bšd
-
uts


10 #m -
ûÁos
-
šdexhtml


11 #m -
üÚbs


12 #m -
cyrus
-
§¦
-
¶aš


13 #m -
dbus


14 #m -
ed


15 #m -
fe


16 #m -
logrÙ©e


17 #m -
lsof


18 #m -
mª


19 #m -
Ásysv


20 #m -
·¹ed


21 #m -
pciuts


22 #m -
p§cù


23 -
	gquÙa


24 -
	g£t£rŸl


25 #m -
tmpw©ch


26 #m -
Œaûrou‹


27 #d -
ab¹
-
addÚ
-
cıp


28 #d -
ab¹
-
addÚ
-
k”Ãloİs


29 #d -
ab¹
-
addÚ
-
pythÚ


30 #d -
ab¹
-
şi


31 #d -
aıid


32 -
	gb43
-
	gfwcu‰”


33 #d -
biosdevÇme


34 #d -
blkŒaû


35 #d -
bridge
-
uts


36 #d -
bz2


37 #d -
ıu¥“d


38 #d -
üy±£tup
-
luks


39 #d -
dm¿id


40 #d -
dosf¡oŞs


41 #d -
ejeù


42 #d -
‘htoŞ


43 -
	gårštd
-
	g·m


44 #d -
gnupg2


45 #d -
hun¥–l


46 #d -
hun¥–l
-
’


47 #d -
œqb®ªû


48 #d -
kexec
-
toŞs


49 #d -
ËdmÚ


50 #d -
libaio


51 #d -
lvm2


52 #d -
mª
-
·ges


53 #d -
mª
-
·ges
-
ov”rides


54 #d -
mdadm


55 #d -
miüocode_ùl


56 #d -
mloÿ‹


57 #d -
mŒ


58 #d -
Çno


59 #d -
Áp


60 #d -
Ápd©e


61 #d -
İ’ssh
-
ş›Ás


62 #d -
·m_·sswdqc


63 -
	gpcmcŸuts


64 #d -
pšfo


65 #d -
¶ymouth


66 #d -
pm
-
uts


67 #d -
´–šk


68 #d -
rd©e


69 #d -
»adah—d


70 -
	grfkl


71 -
	gºg
-
	gtoŞs


72 #d -
rsync


73 #d -
sş
-
uts


74 #d -
£tu±oŞ


75 #d -
sm¬tmÚtoŞs


76 #d -
sos


77 #d -
¡¿û


78 #d -
sys¡©


79 #d -
sy¡em
-
cÚfig
-
fœew®l
-
tui


80 #d -
sy¡em
-
cÚfig
-
ÃtwÜk
-
tui


81 #d -
sy¡emp
-
ruÁime


82 #d -
tıdump


83 -
	gtcsh


84 #d -
time


85 #d -
unz


86 #d -
usbuts


87 -
	gvcÚfig


88 #d -
vim
-
’hªûd


89 #d -
vœt
-
wh©


90 #d -
wg‘


91 #d -
which


92 -
	gwœ–ess
-
	gtoŞs


93 #d -
wÜds


94 #d -
xz


95 #d -
yum
-
¶ugš
-
£cur™y


96 #d -
yum
-
uts


97 #d -
z


98 #Ø
PyPAM


99 #Ø
audi¥d
-
¶ugšs


100 #Ø
b¾‰y


101 #Ø
ıupow”uts


102 #Ø
deviû
-
m­³r
-
³rsi¡’t
-
d©a


103 
	gdos2unix


104 #Ø
dum³t


105 #Ø
eüy±fs
-
uts


106 #Ø
edac
-
uts


107 
g’isoimage


108 
	ggpm


109 #Ø
kabi
-
yum
-
¶ugšs


110 #Ø
k”Ãl
-
doc


111 #Ø
lšux±p


112 
	glogw©ch


113 #Ø
mkboÙdisk


114 #Ø
mtoŞs


115 #Ø
ncur£s
-
‹rm


116 #Ø
nss_db


117 #Ø
oddjob


118 #Ø
·x


119 #Ø
pythÚ
-
dmidecode


120 #Ø
pythÚ
-
vŞume_key


121 #Ø
rsy¦og
-
gnus


122 #Ø
rsy¦og
-
gs§pi


123 #Ø
rsy¦og
-
»Í


124 #Ø
sgpio


125 #Ø
sox


126 #Ø
squashfs
-
toŞs


127 #Ø
¡¬


128 #Ø
tboÙ


129 #Ø
tunùl


130 #Ø
udáoŞs


131 
	gunix2dos


132 #Ø
uuidd


133 #Ø
vŞume_key


134 
wodim


135 
x86šfo


136 
	gyum
-
	g¶ugš
-
®Ÿ£s


137 
	gyum
-
	g¶ugš
-
chªg–og


138 
	gyum
-
	g¶ugš
-
dowÆßdÚly


139 
	gyum
-
	g¶ugš
-
tm´•o


140 
	gyum
-
	g¶ugš
-
v”ify


141 
	gyum
-
	g¶ugš
-
v”siÚlock


142 
	gyum
-
´e¡o


143 
	gzsh


	@
1
.
1
/usr/include
1
5
base
